<?xml version="1.0" encoding="UTF-8"?>
<!-- Generated by org.testng.reporters.JUnitReportReporter -->
<testsuite hostname="FARASATAZIZ" failures="0" tests="2" name="AutomationWeb.Tests.HomePageTest" time="28.553" errors="0" timestamp="2023-04-07T18:02:59 PKT" skipped="0">
  <testcase classname="AutomationWeb.Tests.HomePageTest" name="clickFacebookIcon" time="17.358"/>
  <system-out/>
  <testcase classname="AutomationWeb.Tests.HomePageTest" name="verifyHomePage" time="11.195"/>
  <system-out/>
</testsuite> <!-- AutomationWeb.Tests.HomePageTest -->
